Arguments: 
  /usr/local/bin/node /usr/local/bin/yarn add @vuepress/highlight.js

PATH: 
  /Library/Frameworks/Python.framework/Versions/3.11/bin:/opt/homebrew/bin:/opt/homebrew/sbin:/usr/local/bin:/usr/bin:/bin:/usr/sbin:/sbin:/usr/local/go/bin:/Library/Apple/usr/bin:/Library/Frameworks/Python.framework/Versions/3.11/bin:/opt/homebrew/bin:/opt/homebrew/sbin

Yarn version: 
  1.22.19

Node version: 
  16.14.0

Platform: 
  darwin arm64

Trace: 
  Error: https://registry.npm.taobao.org/@vuepress%2fhighlight.js: Not found
      at Request.params.callback [as _callback] (/usr/local/lib/node_modules/yarn/lib/cli.js:66145:18)
      at Request.self.callback (/usr/local/lib/node_modules/yarn/lib/cli.js:140890:22)
      at Request.emit (node:events:520:28)
      at Request.<anonymous> (/usr/local/lib/node_modules/yarn/lib/cli.js:141862:10)
      at Request.emit (node:events:520:28)
      at IncomingMessage.<anonymous> (/usr/local/lib/node_modules/yarn/lib/cli.js:141784:12)
      at Object.onceWrapper (node:events:639:28)
      at IncomingMessage.emit (node:events:532:35)
      at endReadableNT (node:internal/streams/readable:1346:12)
      at processTicksAndRejections (node:internal/process/task_queues:83:21)

npm manifest: 
  {
    "name": "vitepress-demo",
    "version": "1.0.0",
    "main": "index.js",
    "license": "MIT",
    "devDependencies": {
      "vitepress": "^1.0.0-alpha.15",
      "vue": "^3.2.39"
    },
    "scripts": {
      "docs:dev": "vitepress dev docs",
      "docs:build": "vitepress build docs",
      "docs:serve": "vitepress serve docs"
    },
    "dependencies": {
      "@highlightjs/vue-plugin": "^1.0.2",
      "highlight.js": "^11.7.0"
    }
  }

yarn manifest: 
  No manifest

Lockfile: 
  # THIS IS AN AUTOGENERATED FILE. DO NOT EDIT THIS FILE DIRECTLY.
  # yarn lockfile v1
  
  
  "@algolia/autocomplete-core@1.7.1":
    version "1.7.1"
    resolved "https://registry.npmmirror.com/@algolia/autocomplete-core/-/autocomplete-core-1.7.1.tgz"
    integrity sha512-eiZw+fxMzNQn01S8dA/hcCpoWCOCwcIIEUtHHdzN5TGB3IpzLbuhqFeTfh2OUhhgkE8Uo17+wH+QJ/wYyQmmzg==
    dependencies:
      "@algolia/autocomplete-shared" "1.7.1"
  
  "@algolia/autocomplete-preset-algolia@1.7.1":
    version "1.7.1"
    resolved "https://registry.npmmirror.com/@algolia/autocomplete-preset-algolia/-/autocomplete-preset-algolia-1.7.1.tgz"
    integrity sha512-pJwmIxeJCymU1M6cGujnaIYcY3QPOVYZOXhFkWVM7IxKzy272BwCvMFMyc5NpG/QmiObBxjo7myd060OeTNJXg==
    dependencies:
      "@algolia/autocomplete-shared" "1.7.1"
  
  "@algolia/autocomplete-shared@1.7.1":
    version "1.7.1"
    resolved "https://registry.npmmirror.com/@algolia/autocomplete-shared/-/autocomplete-shared-1.7.1.tgz"
    integrity sha512-eTmGVqY3GeyBTT8IWiB2K5EuURAqhnumfktAEoHxfDY2o7vg2rSnO16ZtIG0fMgt3py28Vwgq42/bVEuaQV7pg==
  
  "@algolia/cache-browser-local-storage@4.14.2":
    version "4.14.2"
    resolved "https://registry.npmmirror.com/@algolia/cache-browser-local-storage/-/cache-browser-local-storage-4.14.2.tgz"
    integrity sha512-FRweBkK/ywO+GKYfAWbrepewQsPTIEirhi1BdykX9mxvBPtGNKccYAxvGdDCumU1jL4r3cayio4psfzKMejBlA==
    dependencies:
      "@algolia/cache-common" "4.14.2"
  
  "@algolia/cache-common@4.14.2":
    version "4.14.2"
    resolved "https://registry.npmmirror.com/@algolia/cache-common/-/cache-common-4.14.2.tgz"
    integrity sha512-SbvAlG9VqNanCErr44q6lEKD2qoK4XtFNx9Qn8FK26ePCI8I9yU7pYB+eM/cZdS9SzQCRJBbHUumVr4bsQ4uxg==
  
  "@algolia/cache-in-memory@4.14.2":
    version "4.14.2"
    resolved "https://registry.npmmirror.com/@algolia/cache-in-memory/-/cache-in-memory-4.14.2.tgz"
    integrity sha512-HrOukWoop9XB/VFojPv1R5SVXowgI56T9pmezd/djh2JnVN/vXswhXV51RKy4nCpqxyHt/aGFSq2qkDvj6KiuQ==
    dependencies:
      "@algolia/cache-common" "4.14.2"
  
  "@algolia/client-account@4.14.2":
    version "4.14.2"
    resolved "https://registry.npmmirror.com/@algolia/client-account/-/client-account-4.14.2.tgz"
    integrity sha512-WHtriQqGyibbb/Rx71YY43T0cXqyelEU0lB2QMBRXvD2X0iyeGl4qMxocgEIcbHyK7uqE7hKgjT8aBrHqhgc1w==
    dependencies:
      "@algolia/client-common" "4.14.2"
      "@algolia/client-search" "4.14.2"
      "@algolia/transporter" "4.14.2"
  
  "@algolia/client-analytics@4.14.2":
    version "4.14.2"
    resolved "https://registry.npmmirror.com/@algolia/client-analytics/-/client-analytics-4.14.2.tgz"
    integrity sha512-yBvBv2mw+HX5a+aeR0dkvUbFZsiC4FKSnfqk9rrfX+QrlNOKEhCG0tJzjiOggRW4EcNqRmaTULIYvIzQVL2KYQ==
    dependencies:
      "@algolia/client-common" "4.14.2"
      "@algolia/client-search" "4.14.2"
      "@algolia/requester-common" "4.14.2"
      "@algolia/transporter" "4.14.2"
  
  "@algolia/client-common@4.14.2":
    version "4.14.2"
    resolved "https://registry.npmmirror.com/@algolia/client-common/-/client-common-4.14.2.tgz"
    integrity sha512-43o4fslNLcktgtDMVaT5XwlzsDPzlqvqesRi4MjQz2x4/Sxm7zYg5LRYFol1BIhG6EwxKvSUq8HcC/KxJu3J0Q==
    dependencies:
      "@algolia/requester-common" "4.14.2"
      "@algolia/transporter" "4.14.2"
  
  "@algolia/client-personalization@4.14.2":
    version "4.14.2"
    resolved "https://registry.npmmirror.com/@algolia/client-personalization/-/client-personalization-4.14.2.tgz"
    integrity sha512-ACCoLi0cL8CBZ1W/2juehSltrw2iqsQBnfiu/Rbl9W2yE6o2ZUb97+sqN/jBqYNQBS+o0ekTMKNkQjHHAcEXNw==
    dependencies:
      "@algolia/client-common" "4.14.2"
      "@algolia/requester-common" "4.14.2"
      "@algolia/transporter" "4.14.2"
  
  "@algolia/client-search@4.14.2":
    version "4.14.2"
    resolved "https://registry.npmmirror.com/@algolia/client-search/-/client-search-4.14.2.tgz"
    integrity sha512-L5zScdOmcZ6NGiVbLKTvP02UbxZ0njd5Vq9nJAmPFtjffUSOGEp11BmD2oMJ5QvARgx2XbX4KzTTNS5ECYIMWw==
    dependencies:
      "@algolia/client-common" "4.14.2"
      "@algolia/requester-common" "4.14.2"
      "@algolia/transporter" "4.14.2"
  
  "@algolia/logger-common@4.14.2":
    version "4.14.2"
    resolved "https://registry.npmmirror.com/@algolia/logger-common/-/logger-common-4.14.2.tgz"
    integrity sha512-/JGlYvdV++IcMHBnVFsqEisTiOeEr6cUJtpjz8zc0A9c31JrtLm318Njc72p14Pnkw3A/5lHHh+QxpJ6WFTmsA==
  
  "@algolia/logger-console@4.14.2":
    version "4.14.2"
    resolved "https://registry.npmmirror.com/@algolia/logger-console/-/logger-console-4.14.2.tgz"
    integrity sha512-8S2PlpdshbkwlLCSAB5f8c91xyc84VM9Ar9EdfE9UmX+NrKNYnWR1maXXVDQQoto07G1Ol/tYFnFVhUZq0xV/g==
    dependencies:
      "@algolia/logger-common" "4.14.2"
  
  "@algolia/requester-browser-xhr@4.14.2":
    version "4.14.2"
    resolved "https://registry.npmmirror.com/@algolia/requester-browser-xhr/-/requester-browser-xhr-4.14.2.tgz"
    integrity sha512-CEh//xYz/WfxHFh7pcMjQNWgpl4wFB85lUMRyVwaDPibNzQRVcV33YS+63fShFWc2+42YEipFGH2iPzlpszmDw==
    dependencies:
      "@algolia/requester-common" "4.14.2"
  
  "@algolia/requester-common@4.14.2":
    version "4.14.2"
    resolved "https://registry.npmmirror.com/@algolia/requester-common/-/requester-common-4.14.2.tgz"
    integrity sha512-73YQsBOKa5fvVV3My7iZHu1sUqmjjfs9TteFWwPwDmnad7T0VTCopttcsM3OjLxZFtBnX61Xxl2T2gmG2O4ehg==
  
  "@algolia/requester-node-http@4.14.2":
    version "4.14.2"
    resolved "https://registry.npmmirror.com/@algolia/requester-node-http/-/requester-node-http-4.14.2.tgz"
    integrity sha512-oDbb02kd1o5GTEld4pETlPZLY0e+gOSWjWMJHWTgDXbv9rm/o2cF7japO6Vj1ENnrqWvLBmW1OzV9g6FUFhFXg==
    dependencies:
      "@algolia/requester-common" "4.14.2"
  
  "@algolia/transporter@4.14.2":
    version "4.14.2"
    resolved "https://registry.npmmirror.com/@algolia/transporter/-/transporter-4.14.2.tgz"
    integrity sha512-t89dfQb2T9MFQHidjHcfhh6iGMNwvuKUvojAj+JsrHAGbuSy7yE4BylhLX6R0Q1xYRoC4Vvv+O5qIw/LdnQfsQ==
    dependencies:
      "@algolia/cache-common" "4.14.2"
      "@algolia/logger-common" "4.14.2"
      "@algolia/requester-common" "4.14.2"
  
  "@babel/parser@^7.16.4":
    version "7.19.1"
    resolved "https://registry.npmmirror.com/@babel/parser/-/parser-7.19.1.tgz"
    integrity sha512-h7RCSorm1DdTVGJf3P2Mhj3kdnkmF/EiysUkzS2TdgAYqyjFdMQJbVuXOBej2SBJaXan/lIVtT6KkGbyyq753A==
  
  "@docsearch/css@3.2.1", "@docsearch/css@^3.2.1":
    version "3.2.1"
    resolved "https://registry.npmmirror.com/@docsearch/css/-/css-3.2.1.tgz"
    integrity sha512-gaP6TxxwQC+K8D6TRx5WULUWKrcbzECOPA2KCVMuI+6C7dNiGUk5yXXzVhc5sld79XKYLnO9DRTI4mjXDYkh+g==
  
  "@docsearch/js@^3.2.1":
    version "3.2.1"
    resolved "https://registry.npmmirror.com/@docsearch/js/-/js-3.2.1.tgz"
    integrity sha512-H1PekEtSeS0msetR2YGGey2w7jQ2wAKfGODJvQTygSwMgUZ+2DHpzUgeDyEBIXRIfaBcoQneqrzsljM62pm6Xg==
    dependencies:
      "@docsearch/react" "3.2.1"
      preact "^10.0.0"
  
  "@docsearch/react@3.2.1":
    version "3.2.1"
    resolved "https://registry.npmmirror.com/@docsearch/react/-/react-3.2.1.tgz"
    integrity sha512-EzTQ/y82s14IQC5XVestiK/kFFMe2aagoYFuTAIfIb/e+4FU7kSMKonRtLwsCiLQHmjvNQq+HO+33giJ5YVtaQ==
    dependencies:
      "@algolia/autocomplete-core" "1.7.1"
      "@algolia/autocomplete-preset-algolia" "1.7.1"
      "@docsearch/css" "3.2.1"
      algoliasearch "^4.0.0"
  
  "@esbuild/android-arm@0.15.8":
    version "0.15.8"
    resolved "https://registry.npmmirror.com/@esbuild/android-arm/-/android-arm-0.15.8.tgz#52b094c98e415ec72fab39827c12f2051ac9c550"
    integrity sha512-CyEWALmn+no/lbgbAJsbuuhT8s2J19EJGHkeyAwjbFJMrj80KJ9zuYsoAvidPTU7BgBf87r/sgae8Tw0dbOc4Q==
    dependencies:
      esbuild-wasm "0.15.8"
  
  "@esbuild/linux-loong64@0.15.8":
    version "0.15.8"
    resolved "https://registry.npmmirror.com/@esbuild/linux-loong64/-/linux-loong64-0.15.8.tgz#d64575fc46bf4eb689352aa9f8a139271b6e1647"
    integrity sha512-pE5RQsOTSERCtfZdfCT25wzo7dfhOSlhAXcsZmuvRYhendOv7djcdvtINdnDp2DAjP17WXlBB4nBO6sHLczmsg==
  
  "@highlightjs/vue-plugin@^1.0.2":
    version "1.0.2"
    resolved "https://registry.npmmirror.com/@highlightjs/vue-plugin/-/vue-plugin-1.0.2.tgz"
    integrity sha512-4VVPeUZL6/NZ7J6/23RQIYLm9HR9rnOdz+cxx7/ISgtMVaf0vHAAwgHKmB54GNs5VvJlWMnKOuiLVcy30elz8g==
    dependencies:
      highlight.js "^10.7.2"
  
  "@types/web-bluetooth@^0.0.15":
    version "0.0.15"
    resolved "https://registry.npmmirror.com/@types/web-bluetooth/-/web-bluetooth-0.0.15.tgz"
    integrity sha512-w7hEHXnPMEZ+4nGKl/KDRVpxkwYxYExuHOYXyzIzCDzEZ9ZCGMAewulr9IqJu2LR4N37fcnb1XVeuZ09qgOxhA==
  
  "@vitejs/plugin-vue@^3.1.0":
    version "3.1.0"
    resolved "https://registry.npmmirror.com/@vitejs/plugin-vue/-/plugin-vue-3.1.0.tgz"
    integrity sha512-fmxtHPjSOEIRg6vHYDaem+97iwCUg/uSIaTzp98lhELt2ISOQuDo2hbkBdXod0g15IhfPMQmAxh4heUks2zvDA==
  
  "@vue/compiler-core@3.2.39":
    version "3.2.39"
    resolved "https://registry.npmmirror.com/@vue/compiler-core/-/compiler-core-3.2.39.tgz"
    integrity sha512-mf/36OWXqWn0wsC40nwRRGheR/qoID+lZXbIuLnr4/AngM0ov8Xvv8GHunC0rKRIkh60bTqydlqTeBo49rlbqw==
    dependencies:
      "@babel/parser" "^7.16.4"
      "@vue/shared" "3.2.39"
      estree-walker "^2.0.2"
      source-map "^0.6.1"
  
  "@vue/compiler-dom@3.2.39":
    version "3.2.39"
    resolved "https://registry.npmmirror.com/@vue/compiler-dom/-/compiler-dom-3.2.39.tgz"
    integrity sha512-HMFI25Be1C8vLEEv1hgEO1dWwG9QQ8LTTPmCkblVJY/O3OvWx6r1+zsox5mKPMGvqYEZa6l8j+xgOfUspgo7hw==
    dependencies:
      "@vue/compiler-core" "3.2.39"
      "@vue/shared" "3.2.39"
  
  "@vue/compiler-sfc@3.2.39":
    version "3.2.39"
    resolved "https://registry.npmmirror.com/@vue/compiler-sfc/-/compiler-sfc-3.2.39.tgz"
    integrity sha512-fqAQgFs1/BxTUZkd0Vakn3teKUt//J3c420BgnYgEOoVdTwYpBTSXCMJ88GOBCylmUBbtquGPli9tVs7LzsWIA==
    dependencies:
      "@babel/parser" "^7.16.4"
      "@vue/compiler-core" "3.2.39"
      "@vue/compiler-dom" "3.2.39"
      "@vue/compiler-ssr" "3.2.39"
      "@vue/reactivity-transform" "3.2.39"
      "@vue/shared" "3.2.39"
      estree-walker "^2.0.2"
      magic-string "^0.25.7"
      postcss "^8.1.10"
      source-map "^0.6.1"
  
  "@vue/compiler-ssr@3.2.39":
    version "3.2.39"
    resolved "https://registry.npmmirror.com/@vue/compiler-ssr/-/compiler-ssr-3.2.39.tgz"
    integrity sha512-EoGCJ6lincKOZGW+0Ky4WOKsSmqL7hp1ZYgen8M7u/mlvvEQUaO9tKKOy7K43M9U2aA3tPv0TuYYQFrEbK2eFQ==
    dependencies:
      "@vue/compiler-dom" "3.2.39"
      "@vue/shared" "3.2.39"
  
  "@vue/devtools-api@^6.2.1":
    version "6.2.1"
    resolved "https://registry.npmmirror.com/@vue/devtools-api/-/devtools-api-6.2.1.tgz"
    integrity sha512-OEgAMeQXvCoJ+1x8WyQuVZzFo0wcyCmUR3baRVLmKBo1LmYZWMlRiXlux5jd0fqVJu6PfDbOrZItVqUEzLobeQ==
  
  "@vue/reactivity-transform@3.2.39":
    version "3.2.39"
    resolved "https://registry.npmmirror.com/@vue/reactivity-transform/-/reactivity-transform-3.2.39.tgz"
    integrity sha512-HGuWu864zStiWs9wBC6JYOP1E00UjMdDWIG5W+FpUx28hV3uz9ODOKVNm/vdOy/Pvzg8+OcANxAVC85WFBbl3A==
    dependencies:
      "@babel/parser" "^7.16.4"
      "@vue/compiler-core" "3.2.39"
      "@vue/shared" "3.2.39"
      estree-walker "^2.0.2"
      magic-string "^0.25.7"
  
  "@vue/reactivity@3.2.39":
    version "3.2.39"
    resolved "https://registry.npmmirror.com/@vue/reactivity/-/reactivity-3.2.39.tgz"
    integrity sha512-vlaYX2a3qMhIZfrw3Mtfd+BuU+TZmvDrPMa+6lpfzS9k/LnGxkSuf0fhkP0rMGfiOHPtyKoU9OJJJFGm92beVQ==
    dependencies:
      "@vue/shared" "3.2.39"
  
  "@vue/runtime-core@3.2.39":
    version "3.2.39"
    resolved "https://registry.npmmirror.com/@vue/runtime-core/-/runtime-core-3.2.39.tgz"
    integrity sha512-xKH5XP57JW5JW+8ZG1khBbuLakINTgPuINKL01hStWLTTGFOrM49UfCFXBcFvWmSbci3gmJyLl2EAzCaZWsx8g==
    dependencies:
      "@vue/reactivity" "3.2.39"
      "@vue/shared" "3.2.39"
  
  "@vue/runtime-dom@3.2.39":
    version "3.2.39"
    resolved "https://registry.npmmirror.com/@vue/runtime-dom/-/runtime-dom-3.2.39.tgz"
    integrity sha512-4G9AEJP+sLhsqf5wXcyKVWQKUhI+iWfy0hWQgea+CpaTD7BR0KdQzvoQdZhwCY6B3oleSyNLkLAQwm0ya/wNoA==
    dependencies:
      "@vue/runtime-core" "3.2.39"
      "@vue/shared" "3.2.39"
      csstype "^2.6.8"
  
  "@vue/server-renderer@3.2.39":
    version "3.2.39"
    resolved "https://registry.npmmirror.com/@vue/server-renderer/-/server-renderer-3.2.39.tgz"
    integrity sha512-1yn9u2YBQWIgytFMjz4f/t0j43awKytTGVptfd3FtBk76t1pd8mxbek0G/DrnjJhd2V7mSTb5qgnxMYt8Z5iSQ==
    dependencies:
      "@vue/compiler-ssr" "3.2.39"
      "@vue/shared" "3.2.39"
  
  "@vue/shared@3.2.39":
    version "3.2.39"
    resolved "https://registry.npmmirror.com/@vue/shared/-/shared-3.2.39.tgz"
    integrity sha512-D3dl2ZB9qE6mTuWPk9RlhDeP1dgNRUKC3NJxji74A4yL8M2MwlhLKUC/49WHjrNzSPug58fWx/yFbaTzGAQSBw==
  
  "@vueuse/core@^9.1.1":
    version "9.2.0"
    resolved "https://registry.npmmirror.com/@vueuse/core/-/core-9.2.0.tgz"
    integrity sha512-/MZ6qpz6uSyaXrtoeBWQzAKRG3N7CvfVWvQxiM3ei3Xe5ydOjjtVbo7lGl9p8dECV93j7W8s63A8H0kFLpLyxg==
    dependencies:
      "@types/web-bluetooth" "^0.0.15"
      "@vueuse/metadata" "9.2.0"
      "@vueuse/shared" "9.2.0"
      vue-demi "*"
  
  "@vueuse/metadata@9.2.0":
    version "9.2.0"
    resolved "https://registry.npmmirror.com/@vueuse/metadata/-/metadata-9.2.0.tgz"
    integrity sha512-exN4KE6iquxDCdt72BgEhb3tlOpECtD61AUdXnUqBTIUCl70x1Ar/QXo3bYcvxmdMS2/peQyfeTzBjRTpvL5xw==
  
  "@vueuse/shared@9.2.0":
    version "9.2.0"
    resolved "https://registry.npmmirror.com/@vueuse/shared/-/shared-9.2.0.tgz"
    integrity sha512-NnRp/noSWuXW0dKhZK5D0YLrDi0nmZ18UeEgwXQq7Ul5TTP93lcNnKjrHtd68j2xFB/l59yPGFlCryL692bnrA==
    dependencies:
      vue-demi "*"
  
  algoliasearch@^4.0.0:
    version "4.14.2"
    resolved "https://registry.npmmirror.com/algoliasearch/-/algoliasearch-4.14.2.tgz"
    integrity sha512-ngbEQonGEmf8dyEh5f+uOIihv4176dgbuOZspiuhmTTBRBuzWu3KCGHre6uHj5YyuC7pNvQGzB6ZNJyZi0z+Sg==
    dependencies:
      "@algolia/cache-browser-local-storage" "4.14.2"
      "@algolia/cache-common" "4.14.2"
      "@algolia/cache-in-memory" "4.14.2"
      "@algolia/client-account" "4.14.2"
      "@algolia/client-analytics" "4.14.2"
      "@algolia/client-common" "4.14.2"
      "@algolia/client-personalization" "4.14.2"
      "@algolia/client-search" "4.14.2"
      "@algolia/logger-common" "4.14.2"
      "@algolia/logger-console" "4.14.2"
      "@algolia/requester-browser-xhr" "4.14.2"
      "@algolia/requester-common" "4.14.2"
      "@algolia/requester-node-http" "4.14.2"
      "@algolia/transporter" "4.14.2"
  
  body-scroll-lock@^4.0.0-beta.0:
    version "4.0.0-beta.0"
    resolved "https://registry.npmmirror.com/body-scroll-lock/-/body-scroll-lock-4.0.0-beta.0.tgz"
    integrity sha512-a7tP5+0Mw3YlUJcGAKUqIBkYYGlYxk2fnCasq/FUph1hadxlTRjF+gAcZksxANnaMnALjxEddmSi/H3OR8ugcQ==
  
  csstype@^2.6.8:
    version "2.6.21"
    resolved "https://registry.npmmirror.com/csstype/-/csstype-2.6.21.tgz"
    integrity sha512-Z1PhmomIfypOpoMjRQB70jfvy/wxT50qW08YXO5lMIJkrdq4yOTR+AW7FqutScmB9NkLwxo+jU+kZLbofZZq/w==
  
  esbuild-android-64@0.15.8:
    version "0.15.8"
    resolved "https://registry.npmmirror.com/esbuild-android-64/-/esbuild-android-64-0.15.8.tgz#625863e705d4ed32a3b4c0b997dbf9454d50a455"
    integrity sha512-bVh8FIKOolF7/d4AMzt7xHlL0Ljr+mYKSHI39TJWDkybVWHdn6+4ODL3xZGHOxPpdRpitemXA1WwMKYBsw8dGw==
    dependencies:
      esbuild-wasm "0.15.8"
  
  esbuild-android-arm64@0.15.8:
    version "0.15.8"
    resolved "https://registry.npmmirror.com/esbuild-android-arm64/-/esbuild-android-arm64-0.15.8.tgz#cd62afe08652ac146014386d3adbe7a9d33db1b0"
    integrity sha512-ReAMDAHuo0H1h9LxRabI6gwYPn8k6WiUeyxuMvx17yTrJO+SCnIfNc/TSPFvDwtK9MiyiKG/2dBYHouT/M0BXQ==
  
  esbuild-darwin-64@0.15.8:
    version "0.15.8"
    resolved "https://registry.npmmirror.com/esbuild-darwin-64/-/esbuild-darwin-64-0.15.8.tgz#eb668dc973165f85aefecdca8aa60231acb2f705"
    integrity sha512-KaKcGfJ+yto7Fo5gAj3xwxHMd1fBIKatpCHK8znTJLVv+9+NN2/tIPBqA4w5rBwjX0UqXDeIE2v1xJP+nGEXgA==
  
  esbuild-darwin-arm64@0.15.8:
    version "0.15.8"
    resolved "https://registry.npmmirror.com/esbuild-darwin-arm64/-/esbuild-darwin-arm64-0.15.8.tgz"
    integrity sha512-8tjEaBgAKnXCkP7bhEJmEqdG9HEV6oLkF36BrMzpfW2rgaw0c48Zrxe+9RlfeGvs6gDF4w+agXyTjikzsS3izw==
  
  esbuild-freebsd-64@0.15.8:
    version "0.15.8"
    resolved "https://registry.npmmirror.com/esbuild-freebsd-64/-/esbuild-freebsd-64-0.15.8.tgz#22270945a9bf9107c340eb73922e122bbe84f8ad"
    integrity sha512-jaxcsGHYzn2L0/lffON2WfH4Nc+d/EwozVTP5K2v016zxMb5UQMhLoJzvLgBqHT1SG0B/mO+a+THnJCMVg15zw==
  
  esbuild-freebsd-arm64@0.15.8:
    version "0.15.8"
    resolved "https://registry.npmmirror.com/esbuild-freebsd-arm64/-/esbuild-freebsd-arm64-0.15.8.tgz#0efe2741fbcaa2cfd31b9f94bd3ca7385b68c469"
    integrity sha512-2xp2UlljMvX8HExtcg7VHaeQk8OBU0CSl1j18B5CcZmSDkLF9p3utuMXIopG3a08fr9Hv+Dz6+seSXUow/G51w==
  
  esbuild-linux-32@0.15.8:
    version "0.15.8"
    resolved "https://registry.npmmirror.com/esbuild-linux-32/-/esbuild-linux-32-0.15.8.tgz#6fc98659105da5c0d1fedfce3b7b9fa24ebee0d4"
    integrity sha512-9u1E54BRz1FQMl86iaHK146+4ID2KYNxL3trLZT4QLLx3M7Q9n4lGG3lrzqUatGR2cKy8c33b0iaCzsItZWkFg==
  
  esbuild-linux-64@0.15.8:
    version "0.15.8"
    resolved "https://registry.npmmirror.com/esbuild-linux-64/-/esbuild-linux-64-0.15.8.tgz#8e738c926d145cdd4e9bcb2febc96d89dc27dc09"
    integrity sha512-4HxrsN9eUzJXdVGMTYA5Xler82FuZUu21bXKN42zcLHHNKCAMPUzD62I+GwDhsdgUBAUj0tRXDdsQHgaP6v0HA==
  
  esbuild-linux-arm64@0.15.8:
    version "0.15.8"
    resolved "https://registry.npmmirror.com/esbuild-linux-arm64/-/esbuild-linux-arm64-0.15.8.tgz#a12675e5a56e8ef08dea49da8eed51a87b0e60d6"
    integrity sha512-1OCm7Aq0tEJT70PbxmHSGYDLYP8DKH8r4Nk7/XbVzWaduo9beCjGBB+tGZIHK6DdTQ3h00/4Tb/70YMH/bOtKg==
  
  esbuild-linux-arm@0.15.8:
    version "0.15.8"
    resolved "https://registry.npmmirror.com/esbuild-linux-arm/-/esbuild-linux-arm-0.15.8.tgz#6424da1e8a3ece78681ebee4a70477b40c36ab35"
    integrity sha512-7DVBU9SFjX4+vBwt8tHsUCbE6Vvl6y6FQWHAgyw1lybC5gULqn/WnjHYHN2/LJaZRsDBvxWT4msEgwLGq1Wd3Q==
  
  esbuild-linux-mips64le@0.15.8:
    version "0.15.8"
    resolved "https://registry.npmmirror.com/esbuild-linux-mips64le/-/esbuild-linux-mips64le-0.15.8.tgz#5b39a16272cb4eaaad1f24938c057b19fb5a0ee5"
    integrity sha512-yeFoNPVFPEzZvFYBfUQNG2TjGRaCyV1E27OcOg4LOtnGrxb2wA+mkW3luckyv1CEyd00mpAg7UdHx8nlx3ghgA==
  
  esbuild-linux-ppc64le@0.15.8:
    version "0.15.8"
    resolved "https://registry.npmmirror.com/esbuild-linux-ppc64le/-/esbuild-linux-ppc64le-0.15.8.tgz#98ea8cfae8227180b45b2d952b2cbb072900944f"
    integrity sha512-CEyMMUUNabXibw8OSNmBXhOIGhnjNVl5Lpseiuf00iKN0V47oqDrbo4dsHz1wH62m49AR8iG8wpDlTqfYgKbtg==
  
  esbuild-linux-riscv64@0.15.8:
    version "0.15.8"
    resolved "https://registry.npmmirror.com/esbuild-linux-riscv64/-/esbuild-linux-riscv64-0.15.8.tgz#6334607025eb449d8dd402d7810721dc15a6210f"
    integrity sha512-OCGSOaspMUjexSCU8ZiA0UnV/NiRU+s2vIfEcAQWQ6u32R+2luyfh/4ZaY6jFbylJE07Esc/yRvb9Q5fXuClXA==
  
  esbuild-linux-s390x@0.15.8:
    version "0.15.8"
    resolved "https://registry.npmmirror.com/esbuild-linux-s390x/-/esbuild-linux-s390x-0.15.8.tgz#874f1a3507c32cce1d2ce0d2f28ac1496c094eab"
    integrity sha512-RHdpdfxRTSrZXZJlFSLazFU4YwXLB5Rgf6Zr5rffqSsO4y9JybgtKO38bFwxZNlDXliYISXN/YROKrG9s7mZQA==
  
  esbuild-netbsd-64@0.15.8:
    version "0.15.8"
    resolved "https://registry.npmmirror.com/esbuild-netbsd-64/-/esbuild-netbsd-64-0.15.8.tgz#2e03d87ed811400d5d1fa8c7629b9fd97a574231"
    integrity sha512-VolFFRatBH09T5QMWhiohAWCOien1R1Uz9K0BRVVTBgBaVBt7eArsXTKxVhUgRf2vwu2c2SXkuP0r7HLG0eozw==
  
  esbuild-openbsd-64@0.15.8:
    version "0.15.8"
    resolved "https://registry.npmmirror.com/esbuild-openbsd-64/-/esbuild-openbsd-64-0.15.8.tgz#8fdbc6399563ac61ff546449e2226a2b1477216c"
    integrity sha512-HTAPlg+n4kUeE/isQxlCfsOz0xJGNoT5LJ9oYZWFKABfVf4Ycu7Zlf5ITgOnrdheTkz8JeL/gISIOCFAoOXrSA==
  
  esbuild-sunos-64@0.15.8:
    version "0.15.8"
    resolved "https://registry.npmmirror.com/esbuild-sunos-64/-/esbuild-sunos-64-0.15.8.tgz#db657b5c09c0c0161d67ddafca1b710a2e7ce96b"
    integrity sha512-qMP/jR/FzcIOwKj+W+Lb+8Cfr8GZHbHUJxAPi7DUhNZMQ/6y7sOgRzlOSpRrbbUntrRZh0MqOyDhJ3Gpo6L1QA==
  
  esbuild-wasm@0.15.8:
    version "0.15.8"
    resolved "https://registry.npmmirror.com/esbuild-wasm/-/esbuild-wasm-0.15.8.tgz#60fb8c5dc1a5538421857a2fa5fbb9eab908dcbb"
    integrity sha512-Y7uCl5RNO4URjlemjdx++ukVHEMt5s5AfMWYUnMiK4Sry+pPCvQIctzXq6r6FKCyGKjX6/NGMCqR2OX6aLxj0w==
  
  esbuild-windows-32@0.15.8:
    version "0.15.8"
    resolved "https://registry.npmmirror.com/esbuild-windows-32/-/esbuild-windows-32-0.15.8.tgz#bbb9fe20a8b6bba4428642cacf45a0fb7b2f3783"
    integrity sha512-RKR1QHh4iWzjUhkP8Yqi75PPz/KS+b8zw3wUrzw6oAkj+iU5Qtyj61ZDaSG3Qf2vc6hTIUiPqVTqBH0NpXFNwg==
  
  esbuild-windows-64@0.15.8:
    version "0.15.8"
    resolved "https://registry.npmmirror.com/esbuild-windows-64/-/esbuild-windows-64-0.15.8.tgz#cedee65505209c8d371d7228b60785c08f43e04d"
    integrity sha512-ag9ptYrsizgsR+PQE8QKeMqnosLvAMonQREpLw4evA4FFgOBMLEat/dY/9txbpozTw9eEOYyD3a4cE9yTu20FA==
  
  esbuild-windows-arm64@0.15.8:
    version "0.15.8"
    resolved "https://registry.npmmirror.com/esbuild-windows-arm64/-/esbuild-windows-arm64-0.15.8.tgz#1d75235290bf23a111e6c0b03febd324af115cb1"
    integrity sha512-dbpAb0VyPaUs9mgw65KRfQ9rqiWCHpNzrJusoPu+LpEoswosjt/tFxN7cd2l68AT4qWdBkzAjDLRon7uqMeWcg==
  
  esbuild@^0.15.6:
    version "0.15.8"
    resolved "https://registry.npmmirror.com/esbuild/-/esbuild-0.15.8.tgz"
    integrity sha512-Remsk2dmr1Ia65sU+QasE6svJbsHe62lzR+CnjpUvbZ+uSYo1SitiOWPRfZQkCu82YWZBBKXiD/j0i//XWMZ+Q==
    optionalDependencies:
      "@esbuild/android-arm" "0.15.8"
      "@esbuild/linux-loong64" "0.15.8"
      esbuild-android-64 "0.15.8"
      esbuild-android-arm64 "0.15.8"
      esbuild-darwin-64 "0.15.8"
      esbuild-darwin-arm64 "0.15.8"
      esbuild-freebsd-64 "0.15.8"
      esbuild-freebsd-arm64 "0.15.8"
      esbuild-linux-32 "0.15.8"
      esbuild-linux-64 "0.15.8"
      esbuild-linux-arm "0.15.8"
      esbuild-linux-arm64 "0.15.8"
      esbuild-linux-mips64le "0.15.8"
      esbuild-linux-ppc64le "0.15.8"
      esbuild-linux-riscv64 "0.15.8"
      esbuild-linux-s390x "0.15.8"
      esbuild-netbsd-64 "0.15.8"
      esbuild-openbsd-64 "0.15.8"
      esbuild-sunos-64 "0.15.8"
      esbuild-windows-32 "0.15.8"
      esbuild-windows-64 "0.15.8"
      esbuild-windows-arm64 "0.15.8"
  
  estree-walker@^2.0.2:
    version "2.0.2"
    resolved "https://registry.npmmirror.com/estree-walker/-/estree-walker-2.0.2.tgz"
    integrity sha512-Rfkk/Mp/DL7JVje3u18FxFujQlTNR2q6QfMSMB7AvCBx91NGj/ba3kCfza0f6dVDbw7YlRf/nDrn7pQrCCyQ/w==
  
  fsevents@~2.3.2:
    version "2.3.2"
    resolved "https://registry.npmmirror.com/fsevents/-/fsevents-2.3.2.tgz"
    integrity sha512-xiqMQR4xAeHTuB9uWm+fFRcIOgKBMiOBP+eXiyT7jsgVCq1bkVygt00oASowB7EdtpOHaaPgKt812P9ab+DDKA==
  
  function-bind@^1.1.1:
    version "1.1.1"
    resolved "https://registry.npmmirror.com/function-bind/-/function-bind-1.1.1.tgz"
    integrity sha512-yIovAzMX49sF8Yl58fSCWJ5svSLuaibPxXQJFLmBObTuCr0Mf1KiPopGM9NiFjiYBCbfaa2Fh6breQ6ANVTI0A==
  
  has@^1.0.3:
    version "1.0.3"
    resolved "https://registry.npmmirror.com/has/-/has-1.0.3.tgz"
    integrity sha512-f2dvO0VU6Oej7RkWJGrehjbzMAjFp5/VKPp5tTpWIV4JHHZK1/BxbFRtf/siA2SWTe09caDmVtYYzWEIbBS4zw==
    dependencies:
      function-bind "^1.1.1"
  
  highlight.js@^10.7.2:
    version "10.7.3"
    resolved "https://registry.npmmirror.com/highlight.js/-/highlight.js-10.7.3.tgz"
    integrity sha512-tzcUFauisWKNHaRkN4Wjl/ZA07gENAjFl3J/c480dprkGTg5EQstgaNFqBfUqCq54kZRIEcreTsAgF/m2quD7A==
  
  highlight.js@^11.7.0:
    version "11.7.0"
    resolved "https://registry.npmmirror.com/highlight.js/-/highlight.js-11.7.0.tgz#3ff0165bc843f8c9bce1fd89e2fda9143d24b11e"
    integrity sha512-1rRqesRFhMO/PRF+G86evnyJkCgaZFOI+Z6kdj15TA18funfoqJXvgPCLSf0SWq3SRfg1j3HlDs8o4s3EGq1oQ==
  
  is-core-module@^2.9.0:
    version "2.10.0"
    resolved "https://registry.npmmirror.com/is-core-module/-/is-core-module-2.10.0.tgz"
    integrity sha512-Erxj2n/LDAZ7H8WNJXd9tw38GYM3dv8rk8Zcs+jJuxYTW7sozH+SS8NtrSjVL1/vpLvWi1hxy96IzjJ3EHTJJg==
    dependencies:
      has "^1.0.3"
  
  jsonc-parser@^3.0.0:
    version "3.2.0"
    resolved "https://registry.npmmirror.com/jsonc-parser/-/jsonc-parser-3.2.0.tgz"
    integrity sha512-gfFQZrcTc8CnKXp6Y4/CBT3fTc0OVuDofpre4aEeEpSBPV5X5v4+Vmx+8snU7RLPrNHPKSgLxGo9YuQzz20o+w==
  
  magic-string@^0.25.7:
    version "0.25.9"
    resolved "https://registry.npmmirror.com/magic-string/-/magic-string-0.25.9.tgz"
    integrity sha512-RmF0AsMzgt25qzqqLc1+MbHmhdx0ojF2Fvs4XnOqz2ZOBXzzkEwc/dJQZCYHAn7v1jbVOjAZfK8msRn4BxO4VQ==
    dependencies:
      sourcemap-codec "^1.4.8"
  
  nanoid@^3.3.4:
    version "3.3.4"
    resolved "https://registry.npmmirror.com/nanoid/-/nanoid-3.3.4.tgz"
    integrity sha512-MqBkQh/OHTS2egovRtLk45wEyNXwF+cokD+1YPf9u5VfJiRdAiRwB2froX5Co9Rh20xs4siNPm8naNotSD6RBw==
  
  nprogress@^0.2.0:
    version "0.2.0"
    resolved "https://registry.npmmirror.com/nprogress/-/nprogress-0.2.0.tgz"
    integrity sha512-I19aIingLgR1fmhftnbWWO3dXc0hSxqHQHQb3H8m+K3TnEn/iSeTZZOyvKXWqQESMwuUVnatlCnZdLBZZt2VSA==
  
  path-parse@^1.0.7:
    version "1.0.7"
    resolved "https://registry.npmmirror.com/path-parse/-/path-parse-1.0.7.tgz"
    integrity sha512-LDJzPVEEEPR+y48z93A0Ed0yXb8pAByGWo/k5YYdYgpY2/2EsOsksJrq7lOHxryrVOn1ejG6oAp8ahvOIQD8sw==
  
  picocolors@^1.0.0:
    version "1.0.0"
    resolved "https://registry.npmmirror.com/picocolors/-/picocolors-1.0.0.tgz"
    integrity sha512-1fygroTLlHu66zi26VoTDv8yRgm0Fccecssto+MhsZ0D/DGW2sm8E8AjW7NU5VVTRt5GxbeZ5qBuJr+HyLYkjQ==
  
  postcss@^8.1.10, postcss@^8.4.16:
    version "8.4.16"
    resolved "https://registry.npmmirror.com/postcss/-/postcss-8.4.16.tgz"
    integrity sha512-ipHE1XBvKzm5xI7hiHCZJCSugxvsdq2mPnsq5+UF+VHCjiBvtDrlxJfMBToWaP9D5XlgNmcFGqoHmUn0EYEaRQ==
    dependencies:
      nanoid "^3.3.4"
      picocolors "^1.0.0"
      source-map-js "^1.0.2"
  
  preact@^10.0.0:
    version "10.11.0"
    resolved "https://registry.npmmirror.com/preact/-/preact-10.11.0.tgz"
    integrity sha512-Fk6+vB2kb6mSJfDgODq0YDhMfl0HNtK5+Uc9QqECO4nlyPAQwCI+BKyWO//idA7ikV7o+0Fm6LQmNuQi1wXI1w==
  
  resolve@^1.22.1:
    version "1.22.1"
    resolved "https://registry.npmmirror.com/resolve/-/resolve-1.22.1.tgz"
    integrity sha512-nBpuuYuY5jFsli/JIs1oldw6fOQCBioohqWZg/2hiaOybXOft4lonv85uDOKXdf8rhyK159cxU5cDcK/NKk8zw==
    dependencies:
      is-core-module "^2.9.0"
      path-parse "^1.0.7"
      supports-preserve-symlinks-flag "^1.0.0"
  
  rollup@~2.78.0:
    version "2.78.1"
    resolved "https://registry.npmmirror.com/rollup/-/rollup-2.78.1.tgz"
    integrity sha512-VeeCgtGi4P+o9hIg+xz4qQpRl6R401LWEXBmxYKOV4zlF82lyhgh2hTZnheFUbANE8l2A41F458iwj2vEYaXJg==
    optionalDependencies:
      fsevents "~2.3.2"
  
  shiki@^0.11.1:
    version "0.11.1"
    resolved "https://registry.npmmirror.com/shiki/-/shiki-0.11.1.tgz"
    integrity sha512-EugY9VASFuDqOexOgXR18ZV+TbFrQHeCpEYaXamO+SZlsnT/2LxuLBX25GGtIrwaEVFXUAbUQ601SWE2rMwWHA==
    dependencies:
      jsonc-parser "^3.0.0"
      vscode-oniguruma "^1.6.1"
      vscode-textmate "^6.0.0"
  
  source-map-js@^1.0.2:
    version "1.0.2"
    resolved "https://registry.npmmirror.com/source-map-js/-/source-map-js-1.0.2.tgz"
    integrity sha512-R0XvVJ9WusLiqTCEiGCmICCMplcCkIwwR11mOSD9CR5u+IXYdiseeEuXCVAjS54zqwkLcPNnmU4OeJ6tUrWhDw==
  
  source-map@^0.6.1:
    version "0.6.1"
    resolved "https://registry.npmmirror.com/source-map/-/source-map-0.6.1.tgz"
    integrity sha512-UjgapumWlbMhkBgzT7Ykc5YXUT46F0iKu8SGXq0bcwP5dz/h0Plj6enJqjz1Zbq2l5WaqYnrVbwWOWMyF3F47g==
  
  sourcemap-codec@^1.4.8:
    version "1.4.8"
    resolved "https://registry.npmmirror.com/sourcemap-codec/-/sourcemap-codec-1.4.8.tgz"
    integrity sha512-9NykojV5Uih4lgo5So5dtw+f0JgJX30KCNI8gwhz2J9A15wD0Ml6tjHKwf6fTSa6fAdVBdZeNOs9eJ71qCk8vA==
  
  supports-preserve-symlinks-flag@^1.0.0:
    version "1.0.0"
    resolved "https://registry.npmmirror.com/supports-preserve-symlinks-flag/-/supports-preserve-symlinks-flag-1.0.0.tgz"
    integrity sha512-ot0WnXS9fgdkgIcePe6RHNk1WA8+muPa6cSjeR3V8K27q9BB1rTE3R1p7Hv0z1ZyAc8s6Vvv8DIyWf681MAt0w==
  
  vite@^3.1.0:
    version "3.1.3"
    resolved "https://registry.npmmirror.com/vite/-/vite-3.1.3.tgz"
    integrity sha512-/3XWiktaopByM5bd8dqvHxRt5EEgRikevnnrpND0gRfNkrMrPaGGexhtLCzv15RcCMtV2CLw+BPas8YFeSG0KA==
    dependencies:
      esbuild "^0.15.6"
      postcss "^8.4.16"
      resolve "^1.22.1"
      rollup "~2.78.0"
    optionalDependencies:
      fsevents "~2.3.2"
  
  vitepress@^1.0.0-alpha.15:
    version "1.0.0-alpha.15"
    resolved "https://registry.npmmirror.com/vitepress/-/vitepress-1.0.0-alpha.15.tgz"
    integrity sha512-+pHJQCpnv0wVgLRyonisrj7Y77PVhbns2nTLxV9GkH3T+RTY/W2JmRatzBg5WciMaPyO8Ms6F3YElO5PULVv3w==
    dependencies:
      "@docsearch/css" "^3.2.1"
      "@docsearch/js" "^3.2.1"
      "@vitejs/plugin-vue" "^3.1.0"
      "@vue/devtools-api" "^6.2.1"
      "@vueuse/core" "^9.1.1"
      body-scroll-lock "^4.0.0-beta.0"
      nprogress "^0.2.0"
      shiki "^0.11.1"
      vite "^3.1.0"
      vue "^3.2.38"
  
  vscode-oniguruma@^1.6.1:
    version "1.6.2"
    resolved "https://registry.npmmirror.com/vscode-oniguruma/-/vscode-oniguruma-1.6.2.tgz"
    integrity sha512-KH8+KKov5eS/9WhofZR8M8dMHWN2gTxjMsG4jd04YhpbPR91fUj7rYQ2/XjeHCJWbg7X++ApRIU9NUwM2vTvLA==
  
  vscode-textmate@^6.0.0:
    version "6.0.0"
    resolved "https://registry.npmmirror.com/vscode-textmate/-/vscode-textmate-6.0.0.tgz"
    integrity sha512-gu73tuZfJgu+mvCSy4UZwd2JXykjK9zAZsfmDeut5dx/1a7FeTk0XwJsSuqQn+cuMCGVbIBfl+s53X4T19DnzQ==
  
  vue-demi@*:
    version "0.13.11"
    resolved "https://registry.npmmirror.com/vue-demi/-/vue-demi-0.13.11.tgz"
    integrity sha512-IR8HoEEGM65YY3ZJYAjMlKygDQn25D5ajNFNoKh9RSDMQtlzCxtfQjdQgv9jjK+m3377SsJXY8ysq8kLCZL25A==
  
  vue@^3.2.38, vue@^3.2.39:
    version "3.2.39"
    resolved "https://registry.npmmirror.com/vue/-/vue-3.2.39.tgz"
    integrity sha512-tRkguhRTw9NmIPXhzk21YFBqXHT2t+6C6wPOgQ50fcFVWnPdetmRqbmySRHznrYjX2E47u0cGlKGcxKZJ38R/g==
    dependencies:
      "@vue/compiler-dom" "3.2.39"
      "@vue/compiler-sfc" "3.2.39"
      "@vue/runtime-dom" "3.2.39"
      "@vue/server-renderer" "3.2.39"
      "@vue/shared" "3.2.39"
